Arguments: 
  /snap/node/2632/bin/node /usr/local/bin/yarn add react-sprint styled-components three react-three-fiber

PATH: 
  /usr/local/jdk1.8.0/bin:/usr/local/jdk1.8.0/bin:/home/rodrigo/.zinit/polaris/bin:/home/linuxbrew/.linuxbrew/bin:/home/linuxbrew/.linuxbrew/sbin:/usr/local/sbin:/usr/local/bin:/usr/sbin:/usr/bin:/sbin:/bin:/usr/games:/usr/local/games:/snap/bin:/home/rodrigo/haddop-2.7.3/bin:/home/rodrigo/haddop-2.7.3/bin

Yarn version: 
  1.21.1

Node version: 
  12.16.2

Platform: 
  linux x64

Trace: 
  Error: https://registry.yarnpkg.com/react-sprint: Not found
      at Request.params.callback [as _callback] (/usr/local/lib/node_modules/yarn/lib/cli.js:66947:18)
      at Request.self.callback (/usr/local/lib/node_modules/yarn/lib/cli.js:140665:22)
      at Request.emit (events.js:310:20)
      at Request.<anonymous> (/usr/local/lib/node_modules/yarn/lib/cli.js:141637:10)
      at Request.emit (events.js:310:20)
      at IncomingMessage.<anonymous> (/usr/local/lib/node_modules/yarn/lib/cli.js:141559:12)
      at Object.onceWrapper (events.js:416:28)
      at IncomingMessage.emit (events.js:322:22)
      at endReadableNT (_stream_readable.js:1187:12)
      at processTicksAndRejections (internal/process/task_queues.js:84:21)

npm manifest: 
  No manifest

yarn manifest: 
  No manifest

Lockfile: 
  No lockfile
